<?xml version="1.0" encoding="UTF-8"?>
<!-- Generated by org.testng.reporters.JUnitReportReporter -->
<testsuite hostname="DESKTOP-HVNCR63" failures="0" tests="1" name="com.bd.ebrahim.WindowAndTab" time="19.582" errors="0" timestamp="2022-06-07T10:32:08 BDT" skipped="0">
  <testcase classname="com.bd.ebrahim.WindowAndTab" name="testNewWindowTabHandling" time="19.582"/>
  <system-out/>
</testsuite> <!-- com.bd.ebrahim.WindowAndTab -->
