<?xml version="1.0" encoding="UTF-8"?>
<!-- Generated by org.testng.reporters.JUnitReportReporter -->
<testsuite hostname="DESKTOP-HVNCR63" failures="0" tests="1" name="com.bd.ebrahim.ConsoleLogs" time="6.839" errors="0" timestamp="2022-06-07T14:27:54 BDT" skipped="0">
  <testcase classname="com.bd.ebrahim.ConsoleLogs" name="viewBrowserConsoleLogs" time="6.839"/>
  <system-out/>
</testsuite> <!-- com.bd.ebrahim.ConsoleLogs -->
