<?xml version="1.0" encoding="UTF-8"?>
<!-- Generated by org.testng.reporters.JUnitReportReporter -->
<testsuite hostname="DESKTOP-HVNCR63" failures="0" tests="2" name="com.bd.ebrahim.RelativeLocators" time="0.136" errors="0" timestamp="2022-06-06T13:37:15 BDT" skipped="0">
  <testcase classname="com.bd.ebrahim.RelativeLocators" name="getListOfSocialMedia" time="0.095"/>
  <system-out/>
  <testcase classname="com.bd.ebrahim.RelativeLocators" name="loginCredentailsGet" time="0.041"/>
  <system-out/>
</testsuite> <!-- com.bd.ebrahim.RelativeLocators -->
