<?xml version="1.0" encoding="UTF-8"?>
<!-- Generated by org.testng.reporters.JUnitReportReporter -->
<testsuite hostname="DESKTOP-HVNCR63" failures="0" tests="4" name="com.bd.ebrahim.Screenshots" time="29.092" errors="0" timestamp="2022-06-07T13:58:17 BDT" skipped="0">
  <testcase classname="com.bd.ebrahim.Screenshots" name="getElementScreenshots" time="3.358"/>
  <system-out/>
  <testcase classname="com.bd.ebrahim.Screenshots" name="takeWebElementPageSectionScreenshot" time="14.675"/>
  <system-out/>
  <testcase classname="com.bd.ebrahim.Screenshots" name="screenshotGetScreenShotAs" time="4.692"/>
  <system-out/>
  <testcase classname="com.bd.ebrahim.Screenshots" name="screenshotEntirePageAshot" time="6.367"/>
  <system-out/>
</testsuite> <!-- com.bd.ebrahim.Screenshots -->
