<?xml version="1.0" encoding="UTF-8"?>
<!-- Generated by org.testng.reporters.JUnitReportReporter -->
<testsuite hostname="DESKTOP-HVNCR63" failures="0" tests="1" name="com.bd.ebrahim.ReadingExcelData" time="0.623" errors="0" timestamp="2022-06-13T15:07:39 BDT" skipped="0">
  <testcase classname="com.bd.ebrahim.ReadingExcelData" name="ReadExcelData" time="0.623"/>
  <system-out/>
</testsuite> <!-- com.bd.ebrahim.ReadingExcelData -->
