<?xml version="1.0" encoding="UTF-8"?>
<!-- Generated by org.testng.reporters.JUnitReportReporter -->
<testsuite hostname="DESKTOP-HVNCR63" failures="0" tests="2" name="com.bd.ebrahim.RelativeLocators" time="0.168" errors="0" timestamp="2022-06-06T15:02:47 BDT" skipped="0">
  <testcase classname="com.bd.ebrahim.RelativeLocators" name="getListOfSocialMedia" time="0.122"/>
  <system-out/>
  <testcase classname="com.bd.ebrahim.RelativeLocators" name="loginCredentailsGet" time="0.046"/>
  <system-out/>
</testsuite> <!-- com.bd.ebrahim.RelativeLocators -->
